{"/home/torabi/warmup/test-vue-app/vue-app-test/src/components/GuessAge.vue": {"path":"/home/torabi/warmup/test-vue-app/vue-app-test/src/components/GuessAge.vue","all":false,"statementMap":{"0":{"start":{"line":1,"column":0},"end":{"line":1,"column":10}},"1":{"start":{"line":2,"column":0},"end":{"line":2,"column":24}},"2":{"start":{"line":3,"column":0},"end":{"line":3,"column":22}},"3":{"start":{"line":4,"column":0},"end":{"line":4,"column":82}},"4":{"start":{"line":5,"column":0},"end":{"line":5,"column":9}},"5":{"start":{"line":6,"column":0},"end":{"line":6,"column":48}},"6":{"start":{"line":7,"column":0},"end":{"line":7,"column":36}},"7":{"start":{"line":8,"column":0},"end":{"line":8,"column":2}},"8":{"start":{"line":9,"column":0},"end":{"line":9,"column":20}},"9":{"start":{"line":10,"column":0},"end":{"line":10,"column":43}},"10":{"start":{"line":11,"column":0},"end":{"line":11,"column":120}},"11":{"start":{"line":12,"column":0},"end":{"line":12,"column":62}},"12":{"start":{"line":13,"column":0},"end":{"line":13,"column":20}},"13":{"start":{"line":14,"column":0},"end":{"line":14,"column":66}},"14":{"start":{"line":15,"column":0},"end":{"line":15,"column":10}},"15":{"start":{"line":16,"column":0},"end":{"line":16,"column":13}},"16":{"start":{"line":17,"column":0},"end":{"line":17,"column":16}},"17":{"start":{"line":18,"column":0},"end":{"line":18,"column":27}},"18":{"start":{"line":19,"column":0},"end":{"line":19,"column":15}},"19":{"start":{"line":20,"column":0},"end":{"line":20,"column":17}},"20":{"start":{"line":21,"column":0},"end":{"line":21,"column":4}},"21":{"start":{"line":22,"column":0},"end":{"line":22,"column":11}},"22":{"start":{"line":23,"column":0},"end":{"line":23,"column":10}},"23":{"start":{"line":24,"column":0},"end":{"line":24,"column":18}},"24":{"start":{"line":25,"column":0},"end":{"line":25,"column":14}},"25":{"start":{"line":26,"column":0},"end":{"line":26,"column":18}},"26":{"start":{"line":27,"column":0},"end":{"line":27,"column":24}},"27":{"start":{"line":28,"column":0},"end":{"line":28,"column":27}},"28":{"start":{"line":29,"column":0},"end":{"line":29,"column":21}},"29":{"start":{"line":30,"column":0},"end":{"line":30,"column":11}},"30":{"start":{"line":31,"column":0},"end":{"line":31,"column":8}},"31":{"start":{"line":32,"column":0},"end":{"line":32,"column":17}},"32":{"start":{"line":33,"column":0},"end":{"line":33,"column":19}},"33":{"start":{"line":34,"column":0},"end":{"line":34,"column":59}},"34":{"start":{"line":35,"column":0},"end":{"line":35,"column":44}},"35":{"start":{"line":36,"column":0},"end":{"line":36,"column":25}},"36":{"start":{"line":37,"column":0},"end":{"line":37,"column":33}},"37":{"start":{"line":38,"column":0},"end":{"line":38,"column":40}},"38":{"start":{"line":39,"column":0},"end":{"line":39,"column":28}},"39":{"start":{"line":40,"column":0},"end":{"line":40,"column":12}},"40":{"start":{"line":41,"column":0},"end":{"line":41,"column":11}},"41":{"start":{"line":42,"column":0},"end":{"line":42,"column":7}},"42":{"start":{"line":43,"column":0},"end":{"line":43,"column":3}},"43":{"start":{"line":44,"column":0},"end":{"line":44,"column":11}}},"s":{"0":1,"1":1,"2":1,"3":1,"4":1,"5":1,"6":1,"7":1,"8":1,"9":1,"10":1,"11":1,"12":1,"13":1,"14":1,"15":1,"16":1,"17":1,"18":1,"19":1,"20":1,"21":1,"22":1,"23":1,"24":1,"25":1,"26":1,"27":1,"28":1,"29":1,"30":1,"31":1,"32":1,"33":0,"34":0,"35":0,"36":0,"37":0,"38":0,"39":0,"40":0,"41":1,"42":1,"43":1},"branchMap":{"0":{"type":"branch","line":25,"loc":{"start":{"line":25,"column":6},"end":{"line":31,"column":7}},"locations":[{"start":{"line":25,"column":6},"end":{"line":31,"column":7}}]}},"b":{"0":[1]},"fnMap":{"0":{"name":"data","decl":{"start":{"line":25,"column":6},"end":{"line":31,"column":7}},"loc":{"start":{"line":25,"column":6},"end":{"line":31,"column":7}},"line":25},"1":{"name":"getAge","decl":{"start":{"line":33,"column":9},"end":{"line":41,"column":11}},"loc":{"start":{"line":33,"column":9},"end":{"line":41,"column":11}},"line":33},"2":{"name":"__vite_ssr_import_1__.createElementBlock.__vite_ssr_import_1__.createElementVNode.__vite_ssr_import_1__.withDirectives.__vite_ssr_import_1__.createElementVNode.onUpdate:modelValue._cache.<computed>._cache.<computed>","decl":{"start":{"line":11,"column":35},"end":{"line":11,"column":43}},"loc":{"start":{"line":11,"column":35},"end":{"line":11,"column":43}},"line":11},"3":{"name":"__vite_ssr_import_1__.createElementBlock.__vite_ssr_import_1__.createElementVNode.__vite_ssr_import_1__.createElementVNode.onClick._cache.<computed>._cache.<computed>","decl":{"start":{"line":12,"column":34},"end":{"line":12,"column":44}},"loc":{"start":{"line":12,"column":34},"end":{"line":12,"column":44}},"line":12}},"f":{"0":1,"1":0,"2":0,"3":0}}
,"/home/torabi/warmup/test-vue-app/vue-app-test/src/composables/calcValues.js": {"path":"/home/torabi/warmup/test-vue-app/vue-app-test/src/composables/calcValues.js","all":false,"statementMap":{"0":{"start":{"line":1,"column":0},"end":{"line":1,"column":23}},"1":{"start":{"line":2,"column":0},"end":{"line":2,"column":0}},"2":{"start":{"line":3,"column":0},"end":{"line":3,"column":33}},"3":{"start":{"line":4,"column":0},"end":{"line":4,"column":0}},"4":{"start":{"line":5,"column":0},"end":{"line":5,"column":27}},"5":{"start":{"line":6,"column":0},"end":{"line":6,"column":0}},"6":{"start":{"line":7,"column":0},"end":{"line":7,"column":4}},"7":{"start":{"line":8,"column":0},"end":{"line":8,"column":28}},"8":{"start":{"line":9,"column":0},"end":{"line":9,"column":37}},"9":{"start":{"line":10,"column":0},"end":{"line":10,"column":35}},"10":{"start":{"line":11,"column":0},"end":{"line":11,"column":9}},"11":{"start":{"line":12,"column":0},"end":{"line":12,"column":5}},"12":{"start":{"line":13,"column":0},"end":{"line":13,"column":0}},"13":{"start":{"line":14,"column":0},"end":{"line":14,"column":0}},"14":{"start":{"line":15,"column":0},"end":{"line":15,"column":26}},"15":{"start":{"line":16,"column":0},"end":{"line":16,"column":0}},"16":{"start":{"line":17,"column":0},"end":{"line":17,"column":1}}},"s":{"0":1,"1":1,"2":1,"3":2,"4":2,"5":2,"6":2,"7":2,"8":2,"9":9,"10":9,"11":2,"12":2,"13":2,"14":2,"15":2,"16":2},"branchMap":{"0":{"type":"branch","line":3,"loc":{"start":{"line":3,"column":28},"end":{"line":17,"column":1}},"locations":[{"start":{"line":3,"column":28},"end":{"line":17,"column":1}}]},"1":{"type":"branch","line":8,"loc":{"start":{"line":8,"column":16},"end":{"line":12,"column":5}},"locations":[{"start":{"line":8,"column":16},"end":{"line":12,"column":5}}]},"2":{"type":"branch","line":9,"loc":{"start":{"line":9,"column":36},"end":{"line":11,"column":9}},"locations":[{"start":{"line":9,"column":36},"end":{"line":11,"column":9}}]}},"b":{"0":[2],"1":[2],"2":[9]},"fnMap":{"0":{"name":"useSummation","decl":{"start":{"line":3,"column":28},"end":{"line":17,"column":1}},"loc":{"start":{"line":3,"column":28},"end":{"line":17,"column":1}},"line":3},"1":{"name":"Sum","decl":{"start":{"line":8,"column":16},"end":{"line":12,"column":5}},"loc":{"start":{"line":8,"column":16},"end":{"line":12,"column":5}},"line":8}},"f":{"0":2,"1":2}}
,"/home/torabi/warmup/test-vue-app/vue-app-test/src/pages/Home.vue": {"path":"/home/torabi/warmup/test-vue-app/vue-app-test/src/pages/Home.vue","all":false,"statementMap":{"0":{"start":{"line":1,"column":0},"end":{"line":1,"column":0}}},"s":{"0":1},"branchMap":{},"b":{},"fnMap":{},"f":{}}
}
